  DynamicArray.cpp
  SequentialStack.cpp
  test.cpp
E:\文件夹\程序\新项目\顺序栈\DynamicArray.cpp(34,21): warning C4018: “<”: 有符号/无符号不匹配
E:\文件夹\程序\新项目\顺序栈\DynamicArray.cpp(30): message : 在编译 类 模板 成员函数“bool DynamicArray<int>::add(T)”时
          with
          [
              T=int
          ]
E:\文件夹\程序\新项目\顺序栈\test.cpp(8): message : 查看对正在编译的函数 模板 实例化“bool DynamicArray<int>::add(T)”的引用
          with
          [
              T=int
          ]
E:\文件夹\程序\新项目\顺序栈\test.cpp(6): message : 查看对正在编译的 类 模板 实例化“DynamicArray<int>”的引用
E:\文件夹\程序\新项目\顺序栈\DynamicArray.cpp(50,16): warning C4553: “==”: 未使用表达式结果；是否打算使用“=”?
E:\文件夹\程序\新项目\顺序栈\DynamicArray.cpp(49): message : 在编译 类 模板 成员函数“bool DynamicArray<int>::out(void)”时
E:\文件夹\程序\新项目\顺序栈\SequentialStack.cpp(41): message : 查看对正在编译的函数 模板 实例化“bool DynamicArray<int>::out(void)”的引用
E:\文件夹\程序\新项目\顺序栈\DynamicArray.cpp(5): message : 在编译 类 模板 成员函数“DynamicArray<int>::DynamicArray(void)”时
E:\文件夹\程序\新项目\顺序栈\test.cpp(6): message : 查看对正在编译的函数 模板 实例化“DynamicArray<int>::DynamicArray(void)”的引用
  正在生成代码...
  顺序栈.vcxproj -> E:\文件夹\程序\新项目\ShuJuJieGou\Debug\顺序栈.exe
