  ChainStack.cpp
  MyDoublyLinkedList.cpp
  test.cpp
E:\文件夹\程序\新项目\链栈\MyDoublyLinkedList.cpp(33,13): warning C4018: “>”: 有符号/无符号不匹配
E:\文件夹\程序\新项目\链栈\MyDoublyLinkedList.cpp(32): message : 在编译 类 模板 成员函数“bool DoublyLinkedList<T>::insert(const size_t,const T &)”时
          with
          [
              T=int
          ]
E:\文件夹\程序\新项目\链栈\ChainStack.cpp(31): message : 查看对正在编译的函数 模板 实例化“bool DoublyLinkedList<T>::insert(const size_t,const T &)”的引用
          with
          [
              T=int
          ]
E:\文件夹\程序\新项目\链栈\ChainStack.cpp(5): message : 在编译 类 模板 成员函数“ChainStzck<int>::ChainStzck(void)”时
E:\文件夹\程序\新项目\链栈\test.cpp(5): message : 查看对正在编译的函数 模板 实例化“ChainStzck<int>::ChainStzck(void)”的引用
E:\文件夹\程序\新项目\链栈\test.cpp(5): message : 查看对正在编译的 类 模板 实例化“ChainStzck<int>”的引用
E:\文件夹\程序\新项目\链栈\MyDoublyLinkedList.cpp(37,13): warning C4018: “>”: 有符号/无符号不匹配
E:\文件夹\程序\新项目\链栈\MyDoublyLinkedList.cpp(39,31): warning C4018: “>=”: 有符号/无符号不匹配
E:\文件夹\程序\新项目\链栈\MyDoublyLinkedList.cpp(43,27): warning C4018: “<”: 有符号/无符号不匹配
E:\文件夹\程序\新项目\链栈\MyDoublyLinkedList.cpp(74,13): warning C4018: “>”: 有符号/无符号不匹配
E:\文件夹\程序\新项目\链栈\MyDoublyLinkedList.cpp(73): message : 在编译 类 模板 成员函数“bool DoublyLinkedList<T>::remove(const size_t)”时
          with
          [
              T=int
          ]
E:\文件夹\程序\新项目\链栈\ChainStack.cpp(40): message : 查看对正在编译的函数 模板 实例化“bool DoublyLinkedList<T>::remove(const size_t)”的引用
          with
          [
              T=int
          ]
E:\文件夹\程序\新项目\链栈\MyDoublyLinkedList.cpp(78,13): warning C4018: “>”: 有符号/无符号不匹配
E:\文件夹\程序\新项目\链栈\MyDoublyLinkedList.cpp(80,31): warning C4018: “>=”: 有符号/无符号不匹配
E:\文件夹\程序\新项目\链栈\MyDoublyLinkedList.cpp(84,27): warning C4018: “<”: 有符号/无符号不匹配
E:\文件夹\程序\新项目\链栈\MyDoublyLinkedList.cpp(108,13): warning C4018: “>”: 有符号/无符号不匹配
E:\文件夹\程序\新项目\链栈\MyDoublyLinkedList.cpp(107): message : 在编译 类 模板 成员函数“T DoublyLinkedList<T>::getValue(size_t)”时
          with
          [
              T=int
          ]
E:\文件夹\程序\新项目\链栈\ChainStack.cpp(39): message : 查看对正在编译的函数 模板 实例化“T DoublyLinkedList<T>::getValue(size_t)”的引用
          with
          [
              T=int
          ]
E:\文件夹\程序\新项目\链栈\MyDoublyLinkedList.cpp(112,13): warning C4018: “>”: 有符号/无符号不匹配
E:\文件夹\程序\新项目\链栈\MyDoublyLinkedList.cpp(114,31): warning C4018: “>=”: 有符号/无符号不匹配
E:\文件夹\程序\新项目\链栈\MyDoublyLinkedList.cpp(118,27): warning C4018: “<”: 有符号/无符号不匹配
  正在生成代码...
  链栈.vcxproj -> E:\文件夹\程序\新项目\ShuJuJieGou\Debug\链栈.exe
